<?xml version="1.0" encoding="UTF-8"?>
<!-- Generated by org.testng.reporters.JUnitReportReporter -->
<testsuite hostname="TAP-5CD148BF6Z" failures="0" tests="1" name="com.tourradar.Tests.ContentSectionTest" time="4.153" errors="0" timestamp="16 Jun 2023 11:17:22 GMT" skipped="0">
  <testcase classname="com.tourradar.Tests.ContentSectionTest" name="testDownloadBrochure" time="4.153"/>
</testsuite> <!-- com.tourradar.Tests.ContentSectionTest -->
